     1                                  section .data
     2 00000000 507265737320456E74-     ExitMsg db "Press Enter to Exit",10
     2 00000009 657220746F20457869-
     2 00000012 740A               
     3                                  lenExit equ $-ExitMsg
     4                                  section .bss
     5 00000000 <res 0000000A>          InBuf resb 10
     6                                  lenIn equ $-InBuf
     7                                  section _start
     8                                  _start:
     9 00000000 B804000000              mov eax, 4
    10 00000005 BB01000000              mov ebx, 1
    11 0000000A B9[00000000]            mov ecx, ExitMsg
    12 0000000F BA14000000              mov edx, lenExit
    13 00000014 CD80                    int 80h
    14                                  ; read
    15 00000016 B803000000              mov eax, 3 
    16 0000001B BB00000000              mov ebx, 0
    17 00000020 B9[00000000]            mov ecx, InBuf
    18 00000025 BA0A000000              mov edx, lenIn
    19 0000002A CD80                    int 80h
    20                                  ; exit
    21 0000002C B801000000              mov eax, 1
    22 00000031 31DB                    xor ebx, ebx
    23 00000033 CD80                    int 80h
    24                                   
